15:05:03 **** Incremental Build of configuration Debug for project TesteBlackLib ****
make all 
Building file: ../src/TesteBlackLib.cpp
Invoking: Cross G++ Compiler
arm-linux-gnueabihf-g++ -O0 -g3 -Wall -c -fmessage-length=0 -std=c++11 -MMD -MP -MF"src/TesteBlackLib.d" -MT"src/TesteBlackLib.d" -o "src/TesteBlackLib.o" "../src/TesteBlackLib.cpp"
../src/TesteBlackLib.cpp: In member function ‘virtual void Task1::onStartHandler()’:
../src/TesteBlackLib.cpp:334:13: warning: unused variable ‘erro’ [-Wunused-variable]
         int erro = 0;
             ^
../src/TesteBlackLib.cpp:355:17: warning: unused variable ‘register_value’ [-Wunused-variable]
         uint8_t register_value = 0x03; // Primeiro registrador.
                 ^
../src/TesteBlackLib.cpp:358:15: warning: unused variable ‘x_mag’ [-Wunused-variable]
         float x_mag = 0;
               ^
../src/TesteBlackLib.cpp:359:15: warning: unused variable ‘z_mag’ [-Wunused-variable]
         float z_mag = 0;
               ^
../src/TesteBlackLib.cpp:360:15: warning: unused variable ‘y_mag’ [-Wunused-variable]
         float y_mag = 0;
               ^
Finished building: ../src/TesteBlackLib.cpp
 
Building target: TesteBlackLib
Invoking: Cross G++ Linker
arm-linux-gnueabihf-g++  -o "TesteBlackLib"  ./src/BlackLib/examples/ExampleMain.o  ./src/BlackLib/BlackUART/BlackUART.o  ./src/BlackLib/BlackTime/BlackTime.o  ./src/BlackLib/BlackThread/BlackThread.o  ./src/BlackLib/BlackServo/BlackServo.o  ./src/BlackLib/BlackSPI/BlackSPI.o  ./src/BlackLib/BlackPWM/BlackPWM.o  ./src/BlackLib/BlackMutex/BlackMutex.o  ./src/BlackLib/BlackI2C/BlackI2C.o  ./src/BlackLib/BlackGPIO/BlackGPIO.o  ./src/BlackLib/BlackDirectory/BlackDirectory.o  ./src/BlackLib/BlackADC/BlackADC.o  ./src/BlackLib/AdafruitBBIOServo/AdafruitBBIOServo.o  ./src/BlackLib/AdafruitBBIOLib/bbio.o ./src/BlackLib/AdafruitBBIOLib/c_adc.o ./src/BlackLib/AdafruitBBIOLib/c_pinmux.o ./src/BlackLib/AdafruitBBIOLib/c_pwm.o ./src/BlackLib/AdafruitBBIOLib/c_uart.o ./src/BlackLib/AdafruitBBIOLib/common.o ./src/BlackLib/AdafruitBBIOLib/event_gpio.o ./src/BlackLib/AdafruitBBIOLib/gpio.o ./src/BlackLib/AdafruitBBIOLib/pwm.o  ./src/BlackLib/BlackCore.o  ./src/TesteBlackLib.o   -lpthread
Finished building target: TesteBlackLib
 
